<?xml version="1.0" encoding="UTF-8"?>
<!-- Generated by org.testng.reporters.JUnitReportReporter -->
<testsuite hostname="LAPTOP-BN0FHB2H" failures="0" tests="3" name="com.Coforge.TestNG.TestNG" time="18.200" errors="0" timestamp="2026-02-03T00:11:41 IST" skipped="0">
  <testcase classname="com.Coforge.TestNG.TestNG" name="firefoxtest" time="9.412"/>
  <testcase classname="com.Coforge.TestNG.TestNG" name="chrometest" time="3.537"/>
  <testcase classname="com.Coforge.TestNG.TestNG" name="edgetest" time="5.251"/>
</testsuite> <!-- com.Coforge.TestNG.TestNG -->
