<?xml version="1.0" encoding="UTF-8"?>
<testng-results ignored="0" total="1" passed="1" failed="0" skipped="0">
  <reporter-output>
  </reporter-output>
  <suite started-at="2026-02-05T14:44:15 IST" name="Default suite" finished-at="2026-02-05T14:45:06 IST" duration-ms="51618">
    <groups>
    </groups>
    <test started-at="2026-02-05T14:44:15 IST" name="Default test" finished-at="2026-02-05T14:45:06 IST" duration-ms="51618">
      <class name="com.coforge.ddtFromCSVFile.DDTCSVFile">
        <test-method is-config="true" signature="setup()[pri:0, instance:com.coforge.ddtFromCSVFile.DDTCSVFile@62ddbd7e]" started-at="2026-02-05T14:44:15 IST" name="setup" finished-at="2026-02-05T14:44:26 IST" duration-ms="11197" status="PASS">
          <reporter-output>
          </reporter-output>
        </test-method> <!-- setup -->
        <test-method signature="locatorsTestingBlog()[pri:0, instance:com.coforge.ddtFromCSVFile.DDTCSVFile@62ddbd7e]" started-at="2026-02-05T14:44:26 IST" name="locatorsTestingBlog" finished-at="2026-02-05T14:45:06 IST" duration-ms="39754" status="PASS">
          <reporter-output>
          </reporter-output>
        </test-method> <!-- locatorsTestingBlog -->
        <test-method is-config="true" signature="tearDown()[pri:0, instance:com.coforge.ddtFromCSVFile.DDTCSVFile@62ddbd7e]" started-at="2026-02-05T14:45:06 IST" name="tearDown" finished-at="2026-02-05T14:45:06 IST" duration-ms="591" status="PASS">
          <reporter-output>
          </reporter-output>
        </test-method> <!-- tearDown -->
      </class> <!-- com.coforge.ddtFromCSVFile.DDTCSVFile -->
    </test> <!-- Default test -->
  </suite> <!-- Default suite -->
</testng-results>
