<?xml version="1.0" encoding="UTF-8"?>
<testng-results ignored="0" total="1" passed="1" failed="0" skipped="0">
  <reporter-output>
  </reporter-output>
  <suite started-at="2026-02-06T00:36:18 IST" name="Default suite" finished-at="2026-02-06T00:36:37 IST" duration-ms="18532">
    <groups>
    </groups>
    <test started-at="2026-02-06T00:36:18 IST" name="Default test" finished-at="2026-02-06T00:36:37 IST" duration-ms="18532">
      <class name="com.ScrollUpandScrollDown.ScrollUpAndDownMO1">
        <test-method is-config="true" signature="setup()[pri:0, instance:com.ScrollUpandScrollDown.ScrollUpAndDownMO1@3cd3e762]" started-at="2026-02-06T00:36:18 IST" name="setup" finished-at="2026-02-06T00:36:20 IST" duration-ms="1555" status="PASS">
          <reporter-output>
          </reporter-output>
        </test-method> <!-- setup -->
        <test-method signature="scrollTest()[pri:0, instance:com.ScrollUpandScrollDown.ScrollUpAndDownMO1@3cd3e762]" started-at="2026-02-06T00:36:20 IST" name="scrollTest" finished-at="2026-02-06T00:36:36 IST" duration-ms="16620" status="PASS">
          <reporter-output>
          </reporter-output>
        </test-method> <!-- scrollTest -->
        <test-method is-config="true" signature="tearDown()[pri:0, instance:com.ScrollUpandScrollDown.ScrollUpAndDownMO1@3cd3e762]" started-at="2026-02-06T00:36:36 IST" name="tearDown" finished-at="2026-02-06T00:36:37 IST" duration-ms="316" status="PASS">
          <reporter-output>
          </reporter-output>
        </test-method> <!-- tearDown -->
      </class> <!-- com.ScrollUpandScrollDown.ScrollUpAndDownMO1 -->
    </test> <!-- Default test -->
  </suite> <!-- Default suite -->
</testng-results>
