<?xml version="1.0" encoding="UTF-8"?>
<!-- Generated by org.testng.reporters.JUnitReportReporter -->
<testsuite hostname="LAP-TZ-5X45801" failures="0" tests="3" name="com.swaglabs.test.SwagLab" time="45.941" errors="0" timestamp="2026-02-07T01:46:45 IST" skipped="0">
  <testcase classname="com.swaglabs.test.SwagLab" name="loginTest" time="16.854"/>
  <testcase classname="com.swaglabs.test.SwagLab" name="loginTest" time="14.421"/>
  <testcase classname="com.swaglabs.test.SwagLab" name="loginTest" time="14.666"/>
</testsuite> <!-- com.swaglabs.test.SwagLab -->
