<?xml version="1.0" encoding="UTF-8"?>
<testng-results ignored="0" total="3" passed="3" failed="0" skipped="0">
  <reporter-output>
  </reporter-output>
  <suite started-at="2026-02-05T15:38:20 IST" name="Suite" finished-at="2026-02-05T15:38:52 IST" duration-ms="31926">
    <groups>
    </groups>
    <test started-at="2026-02-05T15:38:20 IST" name="Edge" finished-at="2026-02-05T15:38:38 IST" duration-ms="17483">
      <class name="com.coforge.crossbrowser.CrossBrowserTest">
        <test-method is-config="true" signature="setUp(java.lang.String)[pri:0, instance:com.coforge.crossbrowser.CrossBrowserTest@66d18979]" started-at="2026-02-05T15:38:20 IST" name="setUp" finished-at="2026-02-05T15:38:30 IST" duration-ms="9495" status="PASS">
          <params>
            <param index="0">
              <value>
                <![CDATA[Edge]]>
              </value>
            </param>
          </params>
          <reporter-output>
          </reporter-output>
        </test-method> <!-- setUp -->
        <test-method signature="BrowserTest()[pri:0, instance:com.coforge.crossbrowser.CrossBrowserTest@66d18979]" started-at="2026-02-05T15:38:30 IST" name="BrowserTest" finished-at="2026-02-05T15:38:36 IST" duration-ms="6151" status="PASS">
          <reporter-output>
          </reporter-output>
        </test-method> <!-- BrowserTest -->
        <test-method is-config="true" signature="tearDown()[pri:0, instance:com.coforge.crossbrowser.CrossBrowserTest@66d18979]" started-at="2026-02-05T15:38:36 IST" name="tearDown" finished-at="2026-02-05T15:38:38 IST" duration-ms="1670" status="PASS">
          <reporter-output>
          </reporter-output>
        </test-method> <!-- tearDown -->
      </class> <!-- com.coforge.crossbrowser.CrossBrowserTest -->
    </test> <!-- Edge -->
    <test started-at="2026-02-05T15:38:20 IST" name="firefox" finished-at="2026-02-05T15:38:46 IST" duration-ms="26243">
      <class name="com.coforge.crossbrowser.CrossBrowserTest">
        <test-method is-config="true" signature="setUp(java.lang.String)[pri:0, instance:com.coforge.crossbrowser.CrossBrowserTest@305b7c14]" started-at="2026-02-05T15:38:20 IST" name="setUp" finished-at="2026-02-05T15:38:37 IST" duration-ms="16624" status="PASS">
          <params>
            <param index="0">
              <value>
                <![CDATA[Firefox]]>
              </value>
            </param>
          </params>
          <reporter-output>
          </reporter-output>
        </test-method> <!-- setUp -->
        <test-method signature="BrowserTest()[pri:0, instance:com.coforge.crossbrowser.CrossBrowserTest@305b7c14]" started-at="2026-02-05T15:38:37 IST" name="BrowserTest" finished-at="2026-02-05T15:38:42 IST" duration-ms="4977" status="PASS">
          <reporter-output>
          </reporter-output>
        </test-method> <!-- BrowserTest -->
        <test-method is-config="true" signature="tearDown()[pri:0, instance:com.coforge.crossbrowser.CrossBrowserTest@305b7c14]" started-at="2026-02-05T15:38:42 IST" name="tearDown" finished-at="2026-02-05T15:38:46 IST" duration-ms="4610" status="PASS">
          <reporter-output>
          </reporter-output>
        </test-method> <!-- tearDown -->
      </class> <!-- com.coforge.crossbrowser.CrossBrowserTest -->
    </test> <!-- firefox -->
    <test started-at="2026-02-05T15:38:20 IST" name="chrome" finished-at="2026-02-05T15:38:52 IST" duration-ms="31926">
      <class name="com.coforge.crossbrowser.CrossBrowserTest">
        <test-method is-config="true" signature="setUp(java.lang.String)[pri:0, instance:com.coforge.crossbrowser.CrossBrowserTest@198b6731]" started-at="2026-02-05T15:38:20 IST" name="setUp" finished-at="2026-02-05T15:38:30 IST" duration-ms="9534" status="PASS">
          <params>
            <param index="0">
              <value>
                <![CDATA[Chrome]]>
              </value>
            </param>
          </params>
          <reporter-output>
          </reporter-output>
        </test-method> <!-- setUp -->
        <test-method signature="BrowserTest()[pri:0, instance:com.coforge.crossbrowser.CrossBrowserTest@198b6731]" started-at="2026-02-05T15:38:30 IST" name="BrowserTest" finished-at="2026-02-05T15:38:51 IST" duration-ms="21558" status="PASS">
          <reporter-output>
          </reporter-output>
        </test-method> <!-- BrowserTest -->
        <test-method is-config="true" signature="tearDown()[pri:0, instance:com.coforge.crossbrowser.CrossBrowserTest@198b6731]" started-at="2026-02-05T15:38:51 IST" name="tearDown" finished-at="2026-02-05T15:38:52 IST" duration-ms="712" status="PASS">
          <reporter-output>
          </reporter-output>
        </test-method> <!-- tearDown -->
      </class> <!-- com.coforge.crossbrowser.CrossBrowserTest -->
    </test> <!-- chrome -->
  </suite> <!-- Suite -->
</testng-results>
