<?xml version="1.0" encoding="UTF-8"?>
<testng-results ignored="0" total="1" passed="1" failed="0" skipped="0">
  <reporter-output>
  </reporter-output>
  <suite started-at="2026-02-07T01:19:01 IST" name="Default suite" finished-at="2026-02-07T01:19:15 IST" duration-ms="14472">
    <groups>
    </groups>
    <test started-at="2026-02-07T01:19:01 IST" name="Default test" finished-at="2026-02-07T01:19:15 IST" duration-ms="14472">
      <class name="com.EasyCalculation.TestCases.VerifyLogin">
        <test-method signature="CheckValidUser()[pri:0, instance:com.EasyCalculation.TestCases.VerifyLogin@51399530]" started-at="2026-02-07T01:19:01 IST" name="CheckValidUser" finished-at="2026-02-07T01:19:15 IST" duration-ms="14398" status="PASS">
          <reporter-output>
          </reporter-output>
        </test-method> <!-- CheckValidUser -->
      </class> <!-- com.EasyCalculation.TestCases.VerifyLogin -->
    </test> <!-- Default test -->
  </suite> <!-- Default suite -->
</testng-results>
