<?xml version="1.0" encoding="UTF-8"?>
<!-- Generated by org.testng.reporters.JUnitReportReporter -->
<testsuite hostname="LAP-TZ-5X45801" failures="0" tests="3" name="com.coforge.crossbrowser.CrossBrowserTest" time="32.686" errors="0" timestamp="2026-02-05T15:38:52 IST" skipped="0">
  <testcase classname="com.coforge.crossbrowser.CrossBrowserTest" name="BrowserTest" time="6.151"/>
  <testcase classname="com.coforge.crossbrowser.CrossBrowserTest" name="BrowserTest" time="21.558"/>
  <testcase classname="com.coforge.crossbrowser.CrossBrowserTest" name="BrowserTest" time="4.977"/>
</testsuite> <!-- com.coforge.crossbrowser.CrossBrowserTest -->
