<?xml version="1.0" encoding="UTF-8"?>
<testng-results ignored="0" total="1" passed="1" failed="0" skipped="0">
  <reporter-output>
  </reporter-output>
  <suite started-at="2026-02-07T14:17:11 IST" name="Default suite" finished-at="2026-02-07T14:17:31 IST" duration-ms="19972">
    <groups>
    </groups>
    <test started-at="2026-02-07T14:17:11 IST" name="Default test" finished-at="2026-02-07T14:17:31 IST" duration-ms="19972">
      <class name="com.LearnFrameWork.TestCases.LoginOrganHRM">
        <test-method is-config="true" signature="Setup()[pri:0, instance:com.LearnFrameWork.TestCases.LoginOrganHRM@302552ec]" started-at="2026-02-07T14:17:09 IST" name="Setup" finished-at="2026-02-07T14:17:11 IST" duration-ms="2083" status="PASS">
          <reporter-output>
          </reporter-output>
        </test-method> <!-- Setup -->
        <test-method is-config="true" signature="BrowserTest()[pri:0, instance:com.LearnFrameWork.TestCases.LoginOrganHRM@302552ec]" started-at="2026-02-07T14:17:11 IST" name="BrowserTest" finished-at="2026-02-07T14:17:23 IST" duration-ms="12129" status="PASS">
          <reporter-output>
          </reporter-output>
        </test-method> <!-- BrowserTest -->
        <test-method signature="loginApp()[pri:0, instance:com.LearnFrameWork.TestCases.LoginOrganHRM@302552ec]" started-at="2026-02-07T14:17:23 IST" name="loginApp" finished-at="2026-02-07T14:17:29 IST" duration-ms="5463" status="PASS">
          <reporter-output>
          </reporter-output>
        </test-method> <!-- loginApp -->
        <test-method is-config="true" signature="tearDownMethod(org.testng.ITestResult)[pri:0, instance:com.LearnFrameWork.TestCases.LoginOrganHRM@302552ec]" started-at="2026-02-07T14:17:29 IST" name="tearDownMethod" finished-at="2026-02-07T14:17:29 IST" duration-ms="12" status="PASS">
          <params>
            <param index="0">
              <value>
                <![CDATA[[TestResult name=loginApp status=SUCCESS method=LoginOrganHRM.loginApp()[pri:0, instance:com.LearnFrameWork.TestCases.LoginOrganHRM@302552ec] output={null}]]]>
              </value>
            </param>
          </params>
          <reporter-output>
          </reporter-output>
        </test-method> <!-- tearDownMethod -->
        <test-method is-config="true" signature="tearDown()[pri:0, instance:com.LearnFrameWork.TestCases.LoginOrganHRM@302552ec]" started-at="2026-02-07T14:17:29 IST" name="tearDown" finished-at="2026-02-07T14:17:31 IST" duration-ms="2277" status="PASS">
          <reporter-output>
          </reporter-output>
        </test-method> <!-- tearDown -->
      </class> <!-- com.LearnFrameWork.TestCases.LoginOrganHRM -->
    </test> <!-- Default test -->
  </suite> <!-- Default suite -->
</testng-results>
