<?xml version="1.0" encoding="UTF-8"?>
<!-- Generated by org.testng.reporters.JUnitReportReporter -->
<testsuite hostname="LAP-TZ-5X45801" failures="0" tests="3" name="com.coforge.dataprovider.TestNGDataProviderSwagLabs" time="54.077" errors="0" timestamp="2026-02-05T22:58:50 IST" skipped="0">
  <testcase classname="com.coforge.dataprovider.TestNGDataProviderSwagLabs" name="loginTest" time="17.318"/>
  <testcase classname="com.coforge.dataprovider.TestNGDataProviderSwagLabs" name="loginTest" time="17.276"/>
  <testcase classname="com.coforge.dataprovider.TestNGDataProviderSwagLabs" name="loginTest" time="19.483"/>
</testsuite> <!-- com.coforge.dataprovider.TestNGDataProviderSwagLabs -->
