<?xml version="1.0" encoding="UTF-8"?>
<!-- Generated by org.testng.reporters.JUnitReportReporter -->
<testsuite hostname="LAP-TZ-5X45801" failures="0" tests="3" name="com.coforge.dataprovider.TestDemoDDT" time="42.408" errors="0" timestamp="2026-02-05T22:31:05 IST" skipped="0">
  <testcase classname="com.coforge.dataprovider.TestDemoDDT" name="Browser" time="13.928"/>
  <testcase classname="com.coforge.dataprovider.TestDemoDDT" name="Browser" time="13.271"/>
  <testcase classname="com.coforge.dataprovider.TestDemoDDT" name="Browser" time="15.209"/>
</testsuite> <!-- com.coforge.dataprovider.TestDemoDDT -->
