<?xml version="1.0" encoding="UTF-8"?>
<testng-results ignored="0" total="3" passed="3" failed="0" skipped="0">
  <reporter-output>
  </reporter-output>
  <suite started-at="2026-02-05T10:39:14 IST" name="Default suite" finished-at="2026-02-05T10:39:53 IST" duration-ms="38489">
    <groups>
    </groups>
    <test started-at="2026-02-05T10:39:14 IST" name="Default test" finished-at="2026-02-05T10:39:53 IST" duration-ms="38489">
      <class name="com.BootCampTestAutomationFirstDemo.MavenTestAutomation">
        <test-method signature="edgebrowsertest()[pri:0, instance:com.BootCampTestAutomationFirstDemo.MavenTestAutomation@1bb5a082]" started-at="2026-02-05T10:39:14 IST" name="edgebrowsertest" finished-at="2026-02-05T10:39:21 IST" duration-ms="6664" status="PASS">
          <reporter-output>
          </reporter-output>
        </test-method> <!-- edgebrowsertest -->
        <test-method signature="firefoxbrowsertest()[pri:1, instance:com.BootCampTestAutomationFirstDemo.MavenTestAutomation@1bb5a082]" started-at="2026-02-05T10:39:21 IST" name="firefoxbrowsertest" finished-at="2026-02-05T10:39:47 IST" duration-ms="25978" status="PASS">
          <reporter-output>
          </reporter-output>
        </test-method> <!-- firefoxbrowsertest -->
        <test-method signature="chrombrowsertest()[pri:2, instance:com.BootCampTestAutomationFirstDemo.MavenTestAutomation@1bb5a082]" started-at="2026-02-05T10:39:47 IST" name="chrombrowsertest" finished-at="2026-02-05T10:39:53 IST" duration-ms="5792" status="PASS">
          <reporter-output>
          </reporter-output>
        </test-method> <!-- chrombrowsertest -->
      </class> <!-- com.BootCampTestAutomationFirstDemo.MavenTestAutomation -->
    </test> <!-- Default test -->
  </suite> <!-- Default suite -->
</testng-results>
