<?xml version="1.0" encoding="UTF-8"?>
<!-- Generated by org.testng.reporters.JUnitXMLReporter -->
<testsuite ignored="0" hostname="LAPTOP-BN0FHB2H" failures="0" tests="3" name="Default test" time="18.26" errors="0" timestamp="2026-02-03T00:11:41 IST">
  <testcase classname="com.Coforge.TestNG.TestNG" name="chrometest" time="3.537"/>
  <testcase classname="com.Coforge.TestNG.TestNG" name="edgetest" time="5.251"/>
  <testcase classname="com.Coforge.TestNG.TestNG" name="firefoxtest" time="9.412"/>
</testsuite> <!-- Default test -->
