<?xml version="1.0" encoding="UTF-8"?>
<testng-results ignored="0" total="1" passed="1" failed="0" skipped="0">
  <reporter-output>
  </reporter-output>
  <suite started-at="2026-02-02T23:36:56 IST" name="Default suite" finished-at="2026-02-02T23:37:01 IST" duration-ms="5463">
    <groups>
    </groups>
    <test started-at="2026-02-02T23:36:56 IST" name="Default test" finished-at="2026-02-02T23:37:01 IST" duration-ms="5463">
      <class name="NegativeTestCase.Negative_Password_Testcase">
        <test-method signature="IDTest()[pri:0, instance:NegativeTestCase.Negative_Password_Testcase@51399530]" started-at="2026-02-02T23:36:56 IST" name="IDTest" finished-at="2026-02-02T23:37:01 IST" duration-ms="5397" status="PASS">
          <reporter-output>
          </reporter-output>
        </test-method> <!-- IDTest -->
      </class> <!-- NegativeTestCase.Negative_Password_Testcase -->
    </test> <!-- Default test -->
  </suite> <!-- Default suite -->
</testng-results>
