<?xml version="1.0" encoding="UTF-8"?>
<testng-results ignored="0" total="1" passed="1" failed="0" skipped="0">
  <reporter-output>
  </reporter-output>
  <suite started-at="2026-02-02T23:53:46 IST" name="Default suite" finished-at="2026-02-02T23:53:53 IST" duration-ms="7057">
    <groups>
    </groups>
    <test started-at="2026-02-02T23:53:46 IST" name="Default test" finished-at="2026-02-02T23:53:53 IST" duration-ms="7057">
      <class name="com.Coforge.WebElement.WebElementDemo">
        <test-method signature="IDTest()[pri:0, instance:com.Coforge.WebElement.WebElementDemo@51399530]" started-at="2026-02-02T23:53:46 IST" name="IDTest" finished-at="2026-02-02T23:53:53 IST" duration-ms="6986" status="PASS">
          <reporter-output>
          </reporter-output>
        </test-method> <!-- IDTest -->
      </class> <!-- com.Coforge.WebElement.WebElementDemo -->
    </test> <!-- Default test -->
  </suite> <!-- Default suite -->
</testng-results>
