<?xml version="1.0" encoding="UTF-8"?>
<!-- Generated by org.testng.reporters.JUnitXMLReporter -->
<testsuite ignored="0" hostname="LAP-TZ-5X45801" failures="0" tests="3" name="Default test" time="38.489" errors="0" timestamp="2026-02-05T10:39:53 IST">
  <testcase classname="com.BootCampTestAutomationFirstDemo.MavenTestAutomation" name="edgebrowsertest" time="6.664"/>
  <testcase classname="com.BootCampTestAutomationFirstDemo.MavenTestAutomation" name="firefoxbrowsertest" time="25.978"/>
  <testcase classname="com.BootCampTestAutomationFirstDemo.MavenTestAutomation" name="chrombrowsertest" time="5.792"/>
</testsuite> <!-- Default test -->
