<?xml version="1.0" encoding="UTF-8"?>
<testng-results ignored="0" total="3" passed="3" failed="0" skipped="0">
  <reporter-output>
  </reporter-output>
  <suite started-at="2026-02-07T01:45:58 IST" name="Default suite" finished-at="2026-02-07T01:46:44 IST" duration-ms="45998">
    <groups>
    </groups>
    <test started-at="2026-02-07T01:45:58 IST" name="Default test" finished-at="2026-02-07T01:46:44 IST" duration-ms="45998">
      <class name="com.swaglabs.test.SwagLab">
        <test-method signature="loginTest(java.lang.String,java.lang.String)[pri:0, instance:com.swaglabs.test.SwagLab@3754a4bf]" started-at="2026-02-07T01:45:59 IST" name="loginTest" data-provider="SwagLabsData" finished-at="2026-02-07T01:46:15 IST" duration-ms="16854" status="PASS">
          <params>
            <param index="0">
              <value>
                <![CDATA[standard_user]]>
              </value>
            </param>
            <param index="1">
              <value>
                <![CDATA[secret_sauce]]>
              </value>
            </param>
          </params>
          <reporter-output>
          </reporter-output>
        </test-method> <!-- loginTest -->
        <test-method signature="loginTest(java.lang.String,java.lang.String)[pri:0, instance:com.swaglabs.test.SwagLab@3754a4bf]" started-at="2026-02-07T01:46:15 IST" name="loginTest" data-provider="SwagLabsData" finished-at="2026-02-07T01:46:30 IST" duration-ms="14666" status="PASS">
          <params>
            <param index="0">
              <value>
                <![CDATA[problem_user]]>
              </value>
            </param>
            <param index="1">
              <value>
                <![CDATA[secret_sauce]]>
              </value>
            </param>
          </params>
          <reporter-output>
          </reporter-output>
        </test-method> <!-- loginTest -->
        <test-method signature="loginTest(java.lang.String,java.lang.String)[pri:0, instance:com.swaglabs.test.SwagLab@3754a4bf]" started-at="2026-02-07T01:46:30 IST" name="loginTest" data-provider="SwagLabsData" finished-at="2026-02-07T01:46:44 IST" duration-ms="14421" status="PASS">
          <params>
            <param index="0">
              <value>
                <![CDATA[visual_user]]>
              </value>
            </param>
            <param index="1">
              <value>
                <![CDATA[secret_sauce]]>
              </value>
            </param>
          </params>
          <reporter-output>
          </reporter-output>
        </test-method> <!-- loginTest -->
      </class> <!-- com.swaglabs.test.SwagLab -->
    </test> <!-- Default test -->
  </suite> <!-- Default suite -->
</testng-results>
