<?xml version="1.0" encoding="UTF-8"?>
<testng-results ignored="0" total="1" passed="1" failed="0" skipped="0">
  <reporter-output>
  </reporter-output>
  <suite started-at="2026-02-05T00:15:36 IST" name="Default suite" finished-at="2026-02-05T00:15:50 IST" duration-ms="14364">
    <groups>
    </groups>
    <test started-at="2026-02-05T00:15:36 IST" name="Default test" finished-at="2026-02-05T00:15:50 IST" duration-ms="14364">
      <class name="com.coforge.dropdown.DropDownTestDemo">
        <test-method signature="FBlaunch()[pri:0, instance:com.coforge.dropdown.DropDownTestDemo@618b19ad]" started-at="2026-02-05T00:15:36 IST" name="FBlaunch" finished-at="2026-02-05T00:15:50 IST" duration-ms="14322" status="PASS">
          <reporter-output>
          </reporter-output>
        </test-method> <!-- FBlaunch -->
      </class> <!-- com.coforge.dropdown.DropDownTestDemo -->
    </test> <!-- Default test -->
  </suite> <!-- Default suite -->
</testng-results>
