<?xml version="1.0" encoding="UTF-8"?>
<!-- Generated by org.testng.reporters.JUnitXMLReporter -->
<testsuite ignored="0" hostname="LAP-TZ-5X45801" failures="0" tests="3" name="Default test" time="45.998" errors="0" timestamp="2026-02-07T01:46:44 IST">
  <testcase classname="com.swaglabs.test.SwagLab" name="loginTest" time="16.854"/>
  <testcase classname="com.swaglabs.test.SwagLab" name="loginTest" time="14.666"/>
  <testcase classname="com.swaglabs.test.SwagLab" name="loginTest" time="14.421"/>
</testsuite> <!-- Default test -->
