<?xml version="1.0" encoding="UTF-8"?>
<testng-results ignored="0" total="3" passed="3" failed="0" skipped="0">
  <reporter-output>
  </reporter-output>
  <suite started-at="2026-02-02T23:41:25 IST" name="Default suite" finished-at="2026-02-02T23:42:36 IST" duration-ms="71159">
    <groups>
    </groups>
    <test started-at="2026-02-02T23:41:25 IST" name="Default test" finished-at="2026-02-02T23:42:36 IST" duration-ms="71159">
      <class name="com.Coforge.SeleniumWebDriverCommands.MultipleBrowserDemo">
        <test-method signature="edgebrowsertest()[pri:0, instance:com.Coforge.SeleniumWebDriverCommands.MultipleBrowserDemo@411f53a0]" started-at="2026-02-02T23:41:25 IST" name="edgebrowsertest" finished-at="2026-02-02T23:41:32 IST" duration-ms="7524" status="PASS">
          <reporter-output>
          </reporter-output>
        </test-method> <!-- edgebrowsertest -->
        <test-method signature="firefoxbrowsertest()[pri:1, instance:com.Coforge.SeleniumWebDriverCommands.MultipleBrowserDemo@411f53a0]" started-at="2026-02-02T23:41:32 IST" name="firefoxbrowsertest" finished-at="2026-02-02T23:42:32 IST" duration-ms="60397" status="PASS">
          <reporter-output>
          </reporter-output>
        </test-method> <!-- firefoxbrowsertest -->
        <test-method signature="chrombrowsertest()[pri:2, instance:com.Coforge.SeleniumWebDriverCommands.MultipleBrowserDemo@411f53a0]" started-at="2026-02-02T23:42:32 IST" name="chrombrowsertest" finished-at="2026-02-02T23:42:36 IST" duration-ms="3179" status="PASS">
          <reporter-output>
          </reporter-output>
        </test-method> <!-- chrombrowsertest -->
      </class> <!-- com.Coforge.SeleniumWebDriverCommands.MultipleBrowserDemo -->
    </test> <!-- Default test -->
  </suite> <!-- Default suite -->
</testng-results>
