<?xml version="1.0" encoding="UTF-8"?>
<testng-results ignored="0" total="1" passed="1" failed="0" skipped="0">
  <reporter-output>
  </reporter-output>
  <suite started-at="2026-02-07T02:08:36 IST" name="Default suite" finished-at="2026-02-07T02:08:53 IST" duration-ms="16648">
    <groups>
    </groups>
    <test started-at="2026-02-07T02:08:36 IST" name="Default test" finished-at="2026-02-07T02:08:53 IST" duration-ms="16648">
      <class name="mutiFrames.multipleFramesDemo">
        <test-method signature="Frames()[pri:0, instance:mutiFrames.multipleFramesDemo@2d3379b4]" started-at="2026-02-07T02:08:36 IST" name="Frames" finished-at="2026-02-07T02:08:53 IST" duration-ms="16608" status="PASS">
          <reporter-output>
          </reporter-output>
        </test-method> <!-- Frames -->
      </class> <!-- mutiFrames.multipleFramesDemo -->
    </test> <!-- Default test -->
  </suite> <!-- Default suite -->
</testng-results>
