<?xml version="1.0" encoding="UTF-8"?>
<!-- Generated by org.testng.reporters.JUnitXMLReporter -->
<testsuite ignored="0" hostname="LAP-TZ-5X45801" failures="0" tests="3" name="Default test" time="54.149" errors="0" timestamp="2026-02-05T22:58:50 IST">
  <testcase classname="com.coforge.dataprovider.TestNGDataProviderSwagLabs" name="loginTest" time="17.318"/>
  <testcase classname="com.coforge.dataprovider.TestNGDataProviderSwagLabs" name="loginTest" time="19.483"/>
  <testcase classname="com.coforge.dataprovider.TestNGDataProviderSwagLabs" name="loginTest" time="17.276"/>
</testsuite> <!-- Default test -->
