<?xml version="1.0" encoding="UTF-8"?>
<testng-results ignored="0" total="1" passed="1" failed="0" skipped="0">
  <reporter-output>
  </reporter-output>
  <suite started-at="2026-02-09T12:10:33 IST" name="Default suite" finished-at="2026-02-09T12:10:41 IST" duration-ms="7573">
    <groups>
    </groups>
    <test started-at="2026-02-09T12:10:33 IST" name="Default test" finished-at="2026-02-09T12:10:41 IST" duration-ms="7573">
      <class name="com.ExtentReport.demo.VerifyPageTitle">
        <test-method signature="VerifyTitle()[pri:0, instance:com.ExtentReport.demo.VerifyPageTitle@c730b35]" started-at="2026-02-09T12:10:33 IST" name="VerifyTitle" finished-at="2026-02-09T12:10:40 IST" duration-ms="6939" status="PASS">
          <reporter-output>
          </reporter-output>
        </test-method> <!-- VerifyTitle -->
        <test-method is-config="true" signature="tearDown(org.testng.ITestResult)[pri:0, instance:com.ExtentReport.demo.VerifyPageTitle@c730b35]" started-at="2026-02-09T12:10:40 IST" name="tearDown" finished-at="2026-02-09T12:10:41 IST" duration-ms="523" status="PASS">
          <params>
            <param index="0">
              <value>
                <![CDATA[[TestResult name=VerifyTitle status=SUCCESS method=VerifyPageTitle.VerifyTitle()[pri:0, instance:com.ExtentReport.demo.VerifyPageTitle@c730b35] output={null}]]]>
              </value>
            </param>
          </params>
          <reporter-output>
          </reporter-output>
        </test-method> <!-- tearDown -->
      </class> <!-- com.ExtentReport.demo.VerifyPageTitle -->
    </test> <!-- Default test -->
  </suite> <!-- Default suite -->
</testng-results>
