<?xml version="1.0" encoding="UTF-8"?>
<testng-results ignored="0" total="1" passed="1" failed="0" skipped="0">
  <reporter-output>
  </reporter-output>
  <suite started-at="2026-02-04T23:23:33 IST" name="Default suite" finished-at="2026-02-04T23:23:42 IST" duration-ms="9229">
    <groups>
    </groups>
    <test started-at="2026-02-04T23:23:33 IST" name="Default test" finished-at="2026-02-04T23:23:42 IST" duration-ms="9229">
      <class name="com.coforge.alerts.JavaScirptAlerts">
        <test-method signature="TestPopups()[pri:0, instance:com.coforge.alerts.JavaScirptAlerts@74235045]" started-at="2026-02-04T23:23:33 IST" name="TestPopups" finished-at="2026-02-04T23:23:42 IST" duration-ms="9155" status="PASS">
          <reporter-output>
          </reporter-output>
        </test-method> <!-- TestPopups -->
      </class> <!-- com.coforge.alerts.JavaScirptAlerts -->
    </test> <!-- Default test -->
  </suite> <!-- Default suite -->
</testng-results>
