<?xml version="1.0" encoding="UTF-8"?>
<testng-results ignored="0" total="3" passed="3" failed="0" skipped="0">
  <reporter-output>
  </reporter-output>
  <suite started-at="2026-02-03T00:11:23 IST" name="Default suite" finished-at="2026-02-03T00:11:41 IST" duration-ms="18260">
    <groups>
    </groups>
    <test started-at="2026-02-03T00:11:23 IST" name="Default test" finished-at="2026-02-03T00:11:41 IST" duration-ms="18260">
      <class name="com.Coforge.TestNG.TestNG">
        <test-method signature="chrometest()[pri:0, instance:com.Coforge.TestNG.TestNG@2d3379b4]" started-at="2026-02-03T00:11:23 IST" name="chrometest" finished-at="2026-02-03T00:11:26 IST" duration-ms="3537" status="PASS">
          <reporter-output>
          </reporter-output>
        </test-method> <!-- chrometest -->
        <test-method signature="edgetest()[pri:0, instance:com.Coforge.TestNG.TestNG@2d3379b4]" started-at="2026-02-03T00:11:26 IST" name="edgetest" finished-at="2026-02-03T00:11:32 IST" duration-ms="5251" status="PASS">
          <reporter-output>
          </reporter-output>
        </test-method> <!-- edgetest -->
        <test-method signature="firefoxtest()[pri:0, instance:com.Coforge.TestNG.TestNG@2d3379b4]" started-at="2026-02-03T00:11:32 IST" name="firefoxtest" finished-at="2026-02-03T00:11:41 IST" duration-ms="9412" status="PASS">
          <reporter-output>
          </reporter-output>
        </test-method> <!-- firefoxtest -->
      </class> <!-- com.Coforge.TestNG.TestNG -->
    </test> <!-- Default test -->
  </suite> <!-- Default suite -->
</testng-results>
