<?xml version="1.0" encoding="UTF-8"?>
<testng-results ignored="0" total="1" passed="1" failed="0" skipped="0">
  <reporter-output>
  </reporter-output>
  <suite started-at="2026-02-05T00:17:00 IST" name="Default suite" finished-at="2026-02-05T00:17:21 IST" duration-ms="21479">
    <groups>
    </groups>
    <test started-at="2026-02-05T00:17:00 IST" name="Default test" finished-at="2026-02-05T00:17:21 IST" duration-ms="21479">
      <class name="com.radiobuttons.RadioButtonsDemo">
        <test-method signature="TestDemoRadioButton()[pri:0, instance:com.radiobuttons.RadioButtonsDemo@618b19ad]" started-at="2026-02-05T00:17:00 IST" name="TestDemoRadioButton" finished-at="2026-02-05T00:17:21 IST" duration-ms="21431" status="PASS">
          <reporter-output>
          </reporter-output>
        </test-method> <!-- TestDemoRadioButton -->
      </class> <!-- com.radiobuttons.RadioButtonsDemo -->
    </test> <!-- Default test -->
  </suite> <!-- Default suite -->
</testng-results>
