<?xml version="1.0" encoding="UTF-8"?>
<!-- Generated by org.testng.reporters.JUnitXMLReporter -->
<testsuite ignored="0" hostname="LAPTOP-BN0FHB2H" failures="0" tests="3" name="Default test" time="71.159" errors="0" timestamp="2026-02-02T23:42:36 IST">
  <testcase classname="com.Coforge.SeleniumWebDriverCommands.MultipleBrowserDemo" name="edgebrowsertest" time="7.524"/>
  <testcase classname="com.Coforge.SeleniumWebDriverCommands.MultipleBrowserDemo" name="firefoxbrowsertest" time="60.397"/>
  <testcase classname="com.Coforge.SeleniumWebDriverCommands.MultipleBrowserDemo" name="chrombrowsertest" time="3.179"/>
</testsuite> <!-- Default test -->
